TN:
SF:/Users/screen/karma-coverage/src/UserController.js
FN:4,UserController
FN:8,(anonymous_2)
FN:36,(anonymous_3)
FNF:3
FNH:0
FNDA:0,UserController
FNDA:0,(anonymous_2)
FNDA:0,(anonymous_3)
DA:4,1
DA:5,0
DA:8,1
DA:9,0
DA:10,0
DA:12,0
DA:13,0
DA:36,1
DA:37,0
LF:9
LH:3
BRDA:9,1,0,0
BRDA:9,1,1,0
BRF:2
BRH:0
end_of_record
TN:
SF:/Users/screen/karma-coverage/src/UserModel.js
FN:4,UserModel
FN:17,(anonymous_2)
FN:25,(anonymous_3)
FNF:3
FNH:0
FNDA:0,UserModel
FNDA:0,(anonymous_2)
FNDA:0,(anonymous_3)
DA:4,1
DA:5,0
DA:6,0
DA:7,0
DA:8,0
DA:9,0
DA:13,1
DA:15,1
DA:17,1
DA:18,0
DA:19,0
DA:21,0
DA:25,1
DA:26,0
DA:27,0
DA:29,0
LF:16
LH:5
BRDA:5,1,0,0
BRDA:5,1,1,0
BRDA:18,2,0,0
BRDA:18,2,1,0
BRDA:26,3,0,0
BRDA:26,3,1,0
BRDA:26,4,0,0
BRDA:26,4,1,0
BRF:8
BRH:0
end_of_record
TN:
SF:/Users/screen/karma-coverage/src/UserStorage.js
FN:5,(anonymous_1)
FN:6,(anonymous_2)
FN:7,(anonymous_3)
FN:8,(anonymous_4)
FN:9,(anonymous_5)
FN:12,(anonymous_6)
FN:16,(anonymous_7)
FN:17,(anonymous_8)
FN:19,(anonymous_9)
FN:20,(anonymous_10)
FN:26,(anonymous_11)
FN:31,(anonymous_12)
FN:33,(anonymous_13)
FN:34,(anonymous_14)
FNF:14
FNH:0
FNDA:0,(anonymous_1)
FNDA:0,(anonymous_2)
FNDA:0,(anonymous_3)
FNDA:0,(anonymous_4)
FNDA:0,(anonymous_5)
FNDA:0,(anonymous_6)
FNDA:0,(anonymous_7)
FNDA:0,(anonymous_8)
FNDA:0,(anonymous_9)
FNDA:0,(anonymous_10)
FNDA:0,(anonymous_11)
FNDA:0,(anonymous_12)
FNDA:0,(anonymous_13)
FNDA:0,(anonymous_14)
DA:4,1
DA:12,1
DA:14,1
DA:16,1
DA:17,0
DA:18,0
DA:19,0
DA:20,0
DA:22,0
DA:26,1
DA:31,0
DA:32,0
DA:33,0
DA:34,0
DA:36,0
LF:15
LH:5
BRF:0
BRH:0
end_of_record
TN:
SF:/Users/screen/karma-coverage/src/UserTemplate.js
FNF:0
FNH:0
DA:1,1
LF:1
LH:1
BRF:0
BRH:0
end_of_record
TN:
SF:/Users/screen/karma-coverage/src/UserView.js
FN:3,UserView
FN:6,(anonymous_2)
FN:24,(anonymous_3)
FN:25,(anonymous_4)
FN:29,(anonymous_5)
FN:40,(anonymous_6)
FN:49,(anonymous_7)
FN:51,(anonymous_8)
FN:61,(anonymous_9)
FN:63,(anonymous_10)
FN:65,(anonymous_11)
FN:69,(anonymous_12)
FNF:12
FNH:8
FNDA:5,UserView
FNDA:1,(anonymous_2)
FNDA:0,(anonymous_3)
FNDA:0,(anonymous_4)
FNDA:0,(anonymous_5)
FNDA:2,(anonymous_6)
FNDA:4,(anonymous_7)
FNDA:4,(anonymous_8)
FNDA:3,(anonymous_9)
FNDA:3,(anonymous_10)
FNDA:3,(anonymous_11)
FNDA:0,(anonymous_12)
DA:3,1
DA:4,5
DA:5,5
DA:6,5
DA:7,1
DA:8,1
DA:11,1
DA:12,1
DA:13,1
DA:15,1
DA:17,1
DA:21,1
DA:22,1
DA:23,1
DA:25,0
DA:26,0
DA:30,0
DA:33,0
DA:34,0
DA:40,5
DA:41,2
DA:42,2
DA:43,2
DA:49,1
DA:50,4
DA:52,4
DA:53,4
DA:54,4
DA:55,4
DA:56,4
DA:61,1
DA:62,3
DA:63,3
DA:64,3
DA:66,3
DA:67,3
DA:70,0
LF:37
LH:31
BRDA:7,1,0,1
BRDA:7,1,1,0
BRDA:13,2,0,1
BRDA:13,2,1,0
BRDA:15,3,0,1
BRDA:15,3,1,1
BRDA:17,4,0,1
BRDA:17,4,1,1
BRDA:41,5,0,2
BRDA:41,5,1,0
BRF:10
BRH:7
end_of_record
