TN:
SF:/Users/screen/codecoverage/UserView.js
FN:3,UserView
FN:6,(anonymous_2)
FN:24,(anonymous_3)
FN:25,(anonymous_4)
FN:29,(anonymous_5)
FN:40,(anonymous_6)
FN:49,(anonymous_7)
FN:51,(anonymous_8)
FN:61,(anonymous_9)
FN:63,(anonymous_10)
FN:65,(anonymous_11)
FN:69,(anonymous_12)
FNF:12
FNH:8
FNDA:5,UserView
FNDA:1,(anonymous_2)
FNDA:0,(anonymous_3)
FNDA:0,(anonymous_4)
FNDA:0,(anonymous_5)
FNDA:2,(anonymous_6)
FNDA:4,(anonymous_7)
FNDA:4,(anonymous_8)
FNDA:3,(anonymous_9)
FNDA:3,(anonymous_10)
FNDA:3,(anonymous_11)
FNDA:0,(anonymous_12)
DA:3,1
DA:4,5
DA:5,5
DA:6,5
DA:7,1
DA:8,1
DA:11,1
DA:12,1
DA:13,1
DA:15,1
DA:17,1
DA:21,1
DA:22,1
DA:23,1
DA:25,0
DA:26,0
DA:30,0
DA:33,0
DA:34,0
DA:40,5
DA:41,2
DA:42,2
DA:43,2
DA:49,1
DA:50,4
DA:52,4
DA:53,4
DA:54,4
DA:55,4
DA:56,4
DA:61,1
DA:62,3
DA:63,3
DA:64,3
DA:66,3
DA:67,3
DA:70,0
LF:37
LH:31
BRDA:7,1,0,1
BRDA:7,1,1,0
BRDA:13,2,0,1
BRDA:13,2,1,0
BRDA:15,3,0,1
BRDA:15,3,1,1
BRDA:17,4,0,1
BRDA:17,4,1,1
BRDA:41,5,0,2
BRDA:41,5,1,0
BRF:10
BRH:7
end_of_record
