{"/Users/screen/codecoverage/UserView.js":{"path":"/Users/screen/codecoverage/UserView.js","s":{"1":1,"2":5,"3":5,"4":5,"5":1,"6":1,"7":1,"8":1,"9":1,"10":1,"11":1,"12":1,"13":1,"14":1,"15":0,"16":0,"17":0,"18":0,"19":0,"20":5,"21":2,"22":2,"23":2,"24":1,"25":4,"26":4,"27":4,"28":4,"29":4,"30":4,"31":1,"32":3,"33":3,"34":3,"35":3,"36":3,"37":0},"b":{"1":[1,0],"2":[1,0],"3":[1,1],"4":[1,1],"5":[2,0]},"f":{"1":5,"2":1,"3":0,"4":0,"5":0,"6":2,"7":4,"8":4,"9":3,"10":3,"11":3,"12":0},"fnMap":{"1":{"name":"UserView","line":3,"loc":{"start":{"line":3,"column":0},"end":{"line":3,"column":34}}},"2":{"name":"(anonymous_2)","line":6,"loc":{"start":{"line":6,"column":47},"end":{"line":6,"column":63}}},"3":{"name":"(anonymous_3)","line":24,"loc":{"start":{"line":24,"column":14},"end":{"line":24,"column":42}}},"4":{"name":"(anonymous_4)","line":25,"loc":{"start":{"line":25,"column":52},"end":{"line":25,"column":71}}},"5":{"name":"(anonymous_5)","line":29,"loc":{"start":{"line":29,"column":15},"end":{"line":29,"column":31}}},"6":{"name":"(anonymous_6)","line":40,"loc":{"start":{"line":40,"column":73},"end":{"line":40,"column":89}}},"7":{"name":"(anonymous_7)","line":49,"loc":{"start":{"line":49,"column":34},"end":{"line":49,"column":54}}},"8":{"name":"(anonymous_8)","line":51,"loc":{"start":{"line":51,"column":10},"end":{"line":51,"column":29}}},"9":{"name":"(anonymous_9)","line":61,"loc":{"start":{"line":61,"column":32},"end":{"line":61,"column":52}}},"10":{"name":"(anonymous_10)","line":63,"loc":{"start":{"line":63,"column":21},"end":{"line":63,"column":47}}},"11":{"name":"(anonymous_11)","line":65,"loc":{"start":{"line":65,"column":12},"end":{"line":65,"column":31}}},"12":{"name":"(anonymous_12)","line":69,"loc":{"start":{"line":69,"column":13},"end":{"line":69,"column":29}}}},"statementMap":{"1":{"start":{"line":3,"column":0},"end":{"line":46,"column":1}},"2":{"start":{"line":4,"column":2},"end":{"line":4,"column":35}},"3":{"start":{"line":5,"column":2},"end":{"line":5,"column":18}},"4":{"start":{"line":6,"column":2},"end":{"line":37,"column":5}},"5":{"start":{"line":7,"column":4},"end":{"line":36,"column":5}},"6":{"start":{"line":8,"column":6},"end":{"line":8,"column":23}},"7":{"start":{"line":11,"column":6},"end":{"line":11,"column":44}},"8":{"start":{"line":12,"column":6},"end":{"line":12,"column":45}},"9":{"start":{"line":13,"column":6},"end":{"line":14,"column":43}},"10":{"start":{"line":15,"column":6},"end":{"line":16,"column":44}},"11":{"start":{"line":17,"column":6},"end":{"line":18,"column":53}},"12":{"start":{"line":21,"column":6},"end":{"line":35,"column":7}},"13":{"start":{"line":22,"column":8},"end":{"line":22,"column":100}},"14":{"start":{"line":23,"column":8},"end":{"line":31,"column":11}},"15":{"start":{"line":25,"column":10},"end":{"line":27,"column":13}},"16":{"start":{"line":26,"column":12},"end":{"line":26,"column":40}},"17":{"start":{"line":30,"column":10},"end":{"line":30,"column":47}},"18":{"start":{"line":33,"column":8},"end":{"line":33,"column":37}},"19":{"start":{"line":34,"column":8},"end":{"line":34,"column":20}},"20":{"start":{"line":40,"column":2},"end":{"line":45,"column":5}},"21":{"start":{"line":41,"column":4},"end":{"line":44,"column":5}},"22":{"start":{"line":42,"column":6},"end":{"line":42,"column":97}},"23":{"start":{"line":43,"column":6},"end":{"line":43,"column":45}},"24":{"start":{"line":49,"column":0},"end":{"line":58,"column":2}},"25":{"start":{"line":50,"column":2},"end":{"line":57,"column":7}},"26":{"start":{"line":52,"column":6},"end":{"line":52,"column":55}},"27":{"start":{"line":53,"column":6},"end":{"line":53,"column":59}},"28":{"start":{"line":54,"column":6},"end":{"line":54,"column":61}},"29":{"start":{"line":55,"column":6},"end":{"line":55,"column":69}},"30":{"start":{"line":56,"column":6},"end":{"line":56,"column":22}},"31":{"start":{"line":61,"column":0},"end":{"line":73,"column":2}},"32":{"start":{"line":62,"column":2},"end":{"line":62,"column":16}},"33":{"start":{"line":63,"column":2},"end":{"line":72,"column":5}},"34":{"start":{"line":64,"column":4},"end":{"line":71,"column":9}},"35":{"start":{"line":66,"column":8},"end":{"line":66,"column":37}},"36":{"start":{"line":67,"column":8},"end":{"line":67,"column":18}},"37":{"start":{"line":70,"column":8},"end":{"line":70,"column":22}}},"branchMap":{"1":{"line":7,"type":"if","locations":[{"start":{"line":7,"column":4},"end":{"line":7,"column":4}},{"start":{"line":7,"column":4},"end":{"line":7,"column":4}}]},"2":{"line":13,"type":"binary-expr","locations":[{"start":{"line":13,"column":17},"end":{"line":13,"column":53}},{"start":{"line":14,"column":11},"end":{"line":14,"column":42}}]},"3":{"line":15,"type":"binary-expr","locations":[{"start":{"line":15,"column":18},"end":{"line":15,"column":55}},{"start":{"line":16,"column":11},"end":{"line":16,"column":43}}]},"4":{"line":17,"type":"binary-expr","locations":[{"start":{"line":17,"column":21},"end":{"line":17,"column":67}},{"start":{"line":18,"column":11},"end":{"line":18,"column":52}}]},"5":{"line":41,"type":"if","locations":[{"start":{"line":41,"column":4},"end":{"line":41,"column":4}},{"start":{"line":41,"column":4},"end":{"line":41,"column":4}}]}}}}
