{"/Users/screen/istanbul/node/Club.js":{"path":"/Users/screen/istanbul/node/Club.js","s":{"1":1,"2":144,"3":144,"4":144,"5":1,"6":1,"7":1,"8":4083,"9":1,"10":3,"11":1,"12":2,"13":1,"14":4,"15":1,"16":1,"17":17,"18":1,"19":4,"20":123,"21":1,"22":4,"23":118,"24":1,"25":2,"26":59,"27":1,"28":1,"29":1,"30":1,"31":1,"32":1,"33":1,"34":1},"b":{},"f":{"1":144,"2":1,"3":4083,"4":3,"5":2,"6":4,"7":1,"8":17,"9":4,"10":123,"11":4,"12":118,"13":2,"14":59,"15":1},"fnMap":{"1":{"name":"Club","line":1,"loc":{"start":{"line":1,"column":0},"end":{"line":1,"column":36}}},"2":{"name":"(anonymous_2)","line":7,"loc":{"start":{"line":7,"column":27},"end":{"line":7,"column":38}}},"3":{"name":"(anonymous_3)","line":11,"loc":{"start":{"line":11,"column":27},"end":{"line":11,"column":44}}},"4":{"name":"(anonymous_4)","line":15,"loc":{"start":{"line":15,"column":30},"end":{"line":15,"column":47}}},"5":{"name":"(anonymous_5)","line":19,"loc":{"start":{"line":19,"column":30},"end":{"line":19,"column":46}}},"6":{"name":"(anonymous_6)","line":23,"loc":{"start":{"line":23,"column":27},"end":{"line":23,"column":38}}},"7":{"name":"(anonymous_7)","line":27,"loc":{"start":{"line":27,"column":29},"end":{"line":27,"column":40}}},"8":{"name":"(anonymous_8)","line":28,"loc":{"start":{"line":28,"column":26},"end":{"line":28,"column":43}}},"9":{"name":"(anonymous_9)","line":33,"loc":{"start":{"line":33,"column":30},"end":{"line":33,"column":41}}},"10":{"name":"(anonymous_10)","line":34,"loc":{"start":{"line":34,"column":26},"end":{"line":34,"column":43}}},"11":{"name":"(anonymous_11)","line":39,"loc":{"start":{"line":39,"column":34},"end":{"line":39,"column":53}}},"12":{"name":"(anonymous_12)","line":40,"loc":{"start":{"line":40,"column":26},"end":{"line":40,"column":43}}},"13":{"name":"(anonymous_13)","line":45,"loc":{"start":{"line":45,"column":27},"end":{"line":45,"column":42}}},"14":{"name":"(anonymous_14)","line":46,"loc":{"start":{"line":46,"column":26},"end":{"line":46,"column":43}}},"15":{"name":"(anonymous_15)","line":51,"loc":{"start":{"line":51,"column":29},"end":{"line":51,"column":79}}}},"statementMap":{"1":{"start":{"line":1,"column":0},"end":{"line":5,"column":1}},"2":{"start":{"line":2,"column":2},"end":{"line":2,"column":18}},"3":{"start":{"line":3,"column":2},"end":{"line":3,"column":23}},"4":{"start":{"line":4,"column":2},"end":{"line":4,"column":23}},"5":{"start":{"line":7,"column":0},"end":{"line":9,"column":2}},"6":{"start":{"line":8,"column":2},"end":{"line":8,"column":21}},"7":{"start":{"line":11,"column":0},"end":{"line":13,"column":2}},"8":{"start":{"line":12,"column":2},"end":{"line":12,"column":26}},"9":{"start":{"line":15,"column":0},"end":{"line":17,"column":2}},"10":{"start":{"line":16,"column":2},"end":{"line":16,"column":29}},"11":{"start":{"line":19,"column":0},"end":{"line":21,"column":2}},"12":{"start":{"line":20,"column":2},"end":{"line":20,"column":23}},"13":{"start":{"line":23,"column":0},"end":{"line":25,"column":2}},"14":{"start":{"line":24,"column":2},"end":{"line":24,"column":21}},"15":{"start":{"line":27,"column":0},"end":{"line":31,"column":2}},"16":{"start":{"line":28,"column":2},"end":{"line":30,"column":5}},"17":{"start":{"line":29,"column":4},"end":{"line":29,"column":34}},"18":{"start":{"line":33,"column":0},"end":{"line":37,"column":2}},"19":{"start":{"line":34,"column":2},"end":{"line":36,"column":5}},"20":{"start":{"line":35,"column":4},"end":{"line":35,"column":34}},"21":{"start":{"line":39,"column":0},"end":{"line":43,"column":2}},"22":{"start":{"line":40,"column":2},"end":{"line":42,"column":8}},"23":{"start":{"line":41,"column":4},"end":{"line":41,"column":33}},"24":{"start":{"line":45,"column":0},"end":{"line":49,"column":2}},"25":{"start":{"line":46,"column":2},"end":{"line":48,"column":8}},"26":{"start":{"line":47,"column":4},"end":{"line":47,"column":31}},"27":{"start":{"line":51,"column":0},"end":{"line":60,"column":2}},"28":{"start":{"line":52,"column":2},"end":{"line":52,"column":30}},"29":{"start":{"line":53,"column":2},"end":{"line":53,"column":30}},"30":{"start":{"line":55,"column":2},"end":{"line":55,"column":32}},"31":{"start":{"line":56,"column":2},"end":{"line":56,"column":38}},"32":{"start":{"line":58,"column":2},"end":{"line":58,"column":27}},"33":{"start":{"line":59,"column":2},"end":{"line":59,"column":33}},"34":{"start":{"line":62,"column":0},"end":{"line":62,"column":22}}},"branchMap":{}},"/Users/screen/istanbul/node/Roster.js":{"path":"/Users/screen/istanbul/node/Roster.js","s":{"1":1,"2":144,"3":1,"4":4083,"5":1,"6":3,"7":3,"8":90,"9":3,"10":1,"11":11,"12":1},"b":{"1":[3,87]},"f":{"1":144,"2":4083,"3":3,"4":90,"5":11},"fnMap":{"1":{"name":"(anonymous_1)","line":1,"loc":{"start":{"line":1,"column":13},"end":{"line":1,"column":24}}},"2":{"name":"(anonymous_2)","line":5,"loc":{"start":{"line":5,"column":23},"end":{"line":5,"column":40}}},"3":{"name":"(anonymous_3)","line":9,"loc":{"start":{"line":9,"column":26},"end":{"line":9,"column":43}}},"4":{"name":"(anonymous_4)","line":11,"loc":{"start":{"line":11,"column":23},"end":{"line":11,"column":45}}},"5":{"name":"(anonymous_5)","line":18,"loc":{"start":{"line":18,"column":24},"end":{"line":18,"column":41}}}},"statementMap":{"1":{"start":{"line":1,"column":0},"end":{"line":3,"column":2}},"2":{"start":{"line":2,"column":2},"end":{"line":2,"column":20}},"3":{"start":{"line":5,"column":0},"end":{"line":7,"column":2}},"4":{"start":{"line":6,"column":2},"end":{"line":6,"column":28}},"5":{"start":{"line":9,"column":0},"end":{"line":16,"column":2}},"6":{"start":{"line":10,"column":2},"end":{"line":10,"column":16}},"7":{"start":{"line":11,"column":2},"end":{"line":15,"column":5}},"8":{"start":{"line":12,"column":4},"end":{"line":14,"column":5}},"9":{"start":{"line":13,"column":6},"end":{"line":13,"column":34}},"10":{"start":{"line":18,"column":0},"end":{"line":20,"column":1}},"11":{"start":{"line":19,"column":2},"end":{"line":19,"column":37}},"12":{"start":{"line":22,"column":0},"end":{"line":22,"column":24}}},"branchMap":{"1":{"line":12,"type":"if","locations":[{"start":{"line":12,"column":4},"end":{"line":12,"column":4}},{"start":{"line":12,"column":4},"end":{"line":12,"column":4}}]}}},"/Users/screen/istanbul/node/Player.js":{"path":"/Users/screen/istanbul/node/Player.js","s":{"1":1,"2":4080,"3":4080,"4":4080,"5":4080,"6":4080,"7":4080,"8":4080,"9":4080,"10":4080,"11":4080,"12":1,"13":208,"14":1},"b":{},"f":{"1":4080,"2":208},"fnMap":{"1":{"name":"(anonymous_1)","line":1,"loc":{"start":{"line":1,"column":13},"end":{"line":1,"column":27}}},"2":{"name":"(anonymous_2)","line":14,"loc":{"start":{"line":14,"column":24},"end":{"line":14,"column":46}}}},"statementMap":{"1":{"start":{"line":1,"column":0},"end":{"line":12,"column":2}},"2":{"start":{"line":2,"column":2},"end":{"line":2,"column":19}},"3":{"start":{"line":3,"column":2},"end":{"line":3,"column":23}},"4":{"start":{"line":4,"column":2},"end":{"line":4,"column":27}},"5":{"start":{"line":5,"column":2},"end":{"line":5,"column":31}},"6":{"start":{"line":6,"column":2},"end":{"line":6,"column":21}},"7":{"start":{"line":7,"column":2},"end":{"line":7,"column":27}},"8":{"start":{"line":8,"column":2},"end":{"line":8,"column":27}},"9":{"start":{"line":9,"column":2},"end":{"line":9,"column":28}},"10":{"start":{"line":10,"column":2},"end":{"line":10,"column":27}},"11":{"start":{"line":11,"column":2},"end":{"line":11,"column":27}},"12":{"start":{"line":14,"column":0},"end":{"line":16,"column":2}},"13":{"start":{"line":15,"column":2},"end":{"line":15,"column":35}},"14":{"start":{"line":18,"column":0},"end":{"line":18,"column":24}}},"branchMap":{}}}