TN:
SF:/Users/screen/istanbul/node/Club.js
FN:1,Club
FN:7,(anonymous_2)
FN:11,(anonymous_3)
FN:15,(anonymous_4)
FN:19,(anonymous_5)
FN:23,(anonymous_6)
FN:27,(anonymous_7)
FN:28,(anonymous_8)
FN:33,(anonymous_9)
FN:34,(anonymous_10)
FN:39,(anonymous_11)
FN:40,(anonymous_12)
FN:45,(anonymous_13)
FN:46,(anonymous_14)
FN:51,(anonymous_15)
FNF:15
FNH:15
FNDA:144,Club
FNDA:1,(anonymous_2)
FNDA:4083,(anonymous_3)
FNDA:3,(anonymous_4)
FNDA:2,(anonymous_5)
FNDA:4,(anonymous_6)
FNDA:1,(anonymous_7)
FNDA:17,(anonymous_8)
FNDA:4,(anonymous_9)
FNDA:123,(anonymous_10)
FNDA:4,(anonymous_11)
FNDA:118,(anonymous_12)
FNDA:2,(anonymous_13)
FNDA:59,(anonymous_14)
FNDA:1,(anonymous_15)
DA:1,1
DA:2,144
DA:3,144
DA:4,144
DA:7,1
DA:8,1
DA:11,1
DA:12,4083
DA:15,1
DA:16,3
DA:19,1
DA:20,2
DA:23,1
DA:24,4
DA:27,1
DA:28,1
DA:29,17
DA:33,1
DA:34,4
DA:35,123
DA:39,1
DA:40,4
DA:41,118
DA:45,1
DA:46,2
DA:47,59
DA:51,1
DA:52,1
DA:53,1
DA:55,1
DA:56,1
DA:58,1
DA:59,1
DA:62,1
LF:34
LH:34
BRF:0
BRH:0
end_of_record
TN:
SF:/Users/screen/istanbul/node/Roster.js
FN:1,(anonymous_1)
FN:5,(anonymous_2)
FN:9,(anonymous_3)
FN:11,(anonymous_4)
FN:18,(anonymous_5)
FNF:5
FNH:5
FNDA:144,(anonymous_1)
FNDA:4083,(anonymous_2)
FNDA:3,(anonymous_3)
FNDA:90,(anonymous_4)
FNDA:11,(anonymous_5)
DA:1,1
DA:2,144
DA:5,1
DA:6,4083
DA:9,1
DA:10,3
DA:11,3
DA:12,90
DA:13,3
DA:18,1
DA:19,11
DA:22,1
LF:12
LH:12
BRDA:12,1,0,3
BRDA:12,1,1,87
BRF:2
BRH:2
end_of_record
TN:
SF:/Users/screen/istanbul/node/Player.js
FN:1,(anonymous_1)
FN:14,(anonymous_2)
FNF:2
FNH:2
FNDA:4080,(anonymous_1)
FNDA:208,(anonymous_2)
DA:1,1
DA:2,4080
DA:3,4080
DA:4,4080
DA:5,4080
DA:6,4080
DA:7,4080
DA:8,4080
DA:9,4080
DA:10,4080
DA:11,4080
DA:14,1
DA:15,208
DA:18,1
LF:14
LH:14
BRF:0
BRH:0
end_of_record
